<?xml version="1.0" encoding="UTF-8"?>
<!-- Generated by org.testng.reporters.JUnitReportReporter -->
<testsuite hostname="Snigdha" failures="0" tests="1" name="testCases.TC002_LoginTest" time="1.802" errors="0" timestamp="2024-05-09T22:42:39 EDT" skipped="0">
  <testcase classname="testCases.TC002_LoginTest" name="verify_Login" time="1.802"/>
</testsuite> <!-- testCases.TC002_LoginTest -->
