<?xml version="1.0" encoding="UTF-8"?>
<!-- Generated by org.testng.reporters.JUnitReportReporter -->
<testsuite hostname="Snigdha" failures="0" tests="3" name="testCases.TC001_AccountRegistrationTest" time="7.410" errors="0" timestamp="2024-05-08T23:30:31 EDT" skipped="0">
  <testcase classname="testCases.TC001_AccountRegistrationTest" name="verify_account_registration" time="2.433"/>
  <testcase classname="testCases.TC001_AccountRegistrationTest" name="verify_account_registration" time="2.611"/>
  <testcase classname="testCases.TC001_AccountRegistrationTest" name="verify_account_registration" time="2.366"/>
</testsuite> <!-- testCases.TC001_AccountRegistrationTest -->
