<?xml version="1.0" encoding="UTF-8"?>
<!-- Generated by org.testng.reporters.JUnitReportReporter -->
<testsuite hostname="Snigdha" failures="0" tests="1" name="testCases.TC_001_AccountRegistrationTest" time="2.258" errors="0" timestamp="2024-05-01T16:38:11 EDT" skipped="0">
  <testcase classname="testCases.TC_001_AccountRegistrationTest" name="verify_account_registration" time="2.258"/>
</testsuite> <!-- testCases.TC_001_AccountRegistrationTest -->
