<?xml version="1.0" encoding="UTF-8"?>
<!-- Generated by org.testng.reporters.JUnitReportReporter -->
<testsuite hostname="Snigdha" failures="0" tests="3" name="testCases.TC002_LoginTest" time="4.889" errors="0" timestamp="2024-05-08T23:30:31 EDT" skipped="0">
  <testcase classname="testCases.TC002_LoginTest" name="verify_Login" time="1.616"/>
  <testcase classname="testCases.TC002_LoginTest" name="verify_Login" time="1.584"/>
  <testcase classname="testCases.TC002_LoginTest" name="verify_Login" time="1.689"/>
</testsuite> <!-- testCases.TC002_LoginTest -->
